0 info it worked if it ends with ok
1 verbose cli [ 'C:\\Program Files\\nodejs\\node.exe',
1 verbose cli   'C:\\Program Files\\nodejs\\node_modules\\npm\\bin\\npm-cli.js',
1 verbose cli   'run',
1 verbose cli   'dev' ]
2 info using npm@3.10.10
3 info using node@v6.10.2
4 verbose run-script [ 'predev', 'dev', 'postdev' ]
5 info lifecycle caregivers-app@1.0.0~predev: caregivers-app@1.0.0
6 silly lifecycle caregivers-app@1.0.0~predev: no script for predev, continuing
7 info lifecycle caregivers-app@1.0.0~dev: caregivers-app@1.0.0
8 verbose lifecycle caregivers-app@1.0.0~dev: unsafe-perm in lifecycle true
9 verbose lifecycle caregivers-app@1.0.0~dev: PATH: C:\Program Files\nodejs\node_modules\npm\bin\node-gyp-bin;C:\Users\Sergio\skylab\caregivers-app\node_modules\.bin;C:\Users\Sergio\Programas\Cmder\bin;C:\Users\Sergio\Programas\Cmder\vendor\git-for-windows\cmd;C:\Users\Sergio\Programas\Cmder\vendor\conemu-maximus5\ConEmu\Scripts;C:\Users\Sergio\Programas\Cmder\vendor\conemu-maximus5;C:\Users\Sergio\Programas\Cmder\vendor\conemu-maximus5\ConEmu;C:\WINDOWS\system32;C:\WINDOWS;C:\WINDOWS\System32\Wbem;C:\WINDOWS\System32\WindowsPowerShell\v1.0\;C:\Program Files\nodejs\;C:\Program Files\MongoDB\Server\3.4\bin;C:\Users\Sergio\AppData\Local\Microsoft\WindowsApps;C:\Users\Sergio\AppData\Roaming\npm;C:\Program Files\Heroku\bin;C:\Users\Sergio\Programas\Cmder\vendor\git-for-windows\usr\bin;C:\Users\Sergio\Programas\Cmder\vendor\git-for-windows\usr\share\vim\vim74;C:\Users\Sergio\Programas\Cmder\
10 verbose lifecycle caregivers-app@1.0.0~dev: CWD: C:\Users\Sergio\skylab\caregivers-app
11 silly lifecycle caregivers-app@1.0.0~dev: Args: [ '/d /s /c', 'supervisor index' ]
12 verbose stack Error: kill ENOSYS
12 verbose stack     at exports._errnoException (util.js:1018:11)
12 verbose stack     at process.kill (internal/process.js:190:13)
12 verbose stack     at process.listener (C:\Program Files\nodejs\node_modules\npm\node_modules\npmlog\node_modules\gauge\node_modules\signal-exit\index.js:86:15)
12 verbose stack     at emitNone (events.js:91:20)
12 verbose stack     at process.emit (events.js:185:7)
12 verbose stack     at processEmit (C:\Program Files\nodejs\node_modules\npm\node_modules\npmlog\node_modules\gauge\node_modules\signal-exit\index.js:146:32)
12 verbose stack     at processEmit (C:\Program Files\nodejs\node_modules\npm\node_modules\npm-registry-client\node_modules\npmlog\node_modules\gauge\node_modules\signal-exit\index.js:146:32)
12 verbose stack     at Signal.wrap.onsignal (internal/process.js:217:44)
13 verbose cwd C:\Users\Sergio\skylab\caregivers-app
14 error Windows_NT 10.0.14393
15 error argv "C:\\Program Files\\nodejs\\node.exe" "C:\\Program Files\\nodejs\\node_modules\\npm\\bin\\npm-cli.js" "run" "dev"
16 error node v6.10.2
17 error npm  v3.10.10
18 error code ENOSYS
19 error errno ENOSYS
20 error syscall kill
21 error kill ENOSYS
22 error If you need help, you may report this error at:
22 error     <https://github.com/npm/npm/issues>
23 verbose exit [ 1, true ]
